<?xml version="1.0" encoding="UTF-8"?>
<testng-results ignored="0" total="1" passed="1" failed="0" skipped="0">
  <reporter-output>
  </reporter-output>
  <suite started-at="2024-12-28T09:59:03 IST" name="Default suite" finished-at="2024-12-28T09:59:31 IST" duration-ms="28070">
    <groups>
    </groups>
    <test started-at="2024-12-28T09:59:03 IST" name="Default test" finished-at="2024-12-28T09:59:31 IST" duration-ms="28070">
      <class name="Android_APIDemos_Application.eCommerse_tc_1">
        <test-method is-config="true" signature="InstallApplication()[pri:0, instance:Android_APIDemos_Application.eCommerse_tc_1@7c137fd5]" started-at="2024-12-28T09:59:03 IST" name="InstallApplication" finished-at="2024-12-28T09:59:14 IST" duration-ms="10704" status="PASS">
          <reporter-output>
          </reporter-output>
        </test-method> <!-- InstallApplication -->
        <test-method signature="FillForm()[pri:0, instance:Android_APIDemos_Application.eCommerse_tc_1@7c137fd5]" started-at="2024-12-28T09:59:14 IST" name="FillForm" finished-at="2024-12-28T09:59:31 IST" duration-ms="17299" status="PASS">
          <reporter-output>
          </reporter-output>
        </test-method> <!-- FillForm -->
      </class> <!-- Android_APIDemos_Application.eCommerse_tc_1 -->
    </test> <!-- Default test -->
  </suite> <!-- Default suite -->
</testng-results>
